<?xml version="1.0" encoding="UTF-8"?>
<!-- Generated by org.testng.reporters.JUnitReportReporter -->
<testsuite hostname="DESKTOP-98FNA1F" failures="0" tests="1" name="TestRunner.RunnerTest" time="19.241" errors="0" timestamp="2024-01-12T13:55:46 IST" skipped="0">
  <testcase classname="TestRunner.RunnerTest" name="runScenario" time="19.241"/>
  <system-out/>
</testsuite> <!-- TestRunner.RunnerTest -->
